Rack::File headers parameter replaces cache_control after Rack 1.5.
/home/rms/.rbenv/versions/1.9.3-p327/lib/ruby/gems/1.9.1/gems/activesupport-3.2.11/lib/active_support/dependencies.rb:251:in `require': /home/rms/OLDHome/rms/Documents/rails_proj/sample_app/app/models/micropost.rb:12: unterminated string meets end of file (SyntaxError)
/home/rms/OLDHome/rms/Documents/rails_proj/sample_app/app/models/micropost.rb:12: syntax error, unexpected $end, expecting ':'
	from /home/rms/.rbenv/versions/1.9.3-p327/lib/ruby/gems/1.9.1/gems/activesupport-3.2.11/lib/active_support/dependencies.rb:251:in `block in require'
	from /home/rms/.rbenv/versions/1.9.3-p327/lib/ruby/gems/1.9.1/gems/activesupport-3.2.11/lib/active_support/dependencies.rb:236:in `load_dependency'
	from /home/rms/.rbenv/versions/1.9.3-p327/lib/ruby/gems/1.9.1/gems/activesupport-3.2.11/lib/active_support/dependencies.rb:251:in `require'
	from /home/rms/.rbenv/versions/1.9.3-p327/lib/ruby/gems/1.9.1/gems/activesupport-3.2.11/lib/active_support/dependencies.rb:359:in `require_or_load'
	from /home/rms/.rbenv/versions/1.9.3-p327/lib/ruby/gems/1.9.1/gems/activesupport-3.2.11/lib/active_support/dependencies.rb:502:in `load_missing_constant'
	from /home/rms/.rbenv/versions/1.9.3-p327/lib/ruby/gems/1.9.1/gems/activesupport-3.2.11/lib/active_support/dependencies.rb:192:in `block in const_missing'
	from /home/rms/.rbenv/versions/1.9.3-p327/lib/ruby/gems/1.9.1/gems/activesupport-3.2.11/lib/active_support/dependencies.rb:190:in `each'
	from /home/rms/.rbenv/versions/1.9.3-p327/lib/ruby/gems/1.9.1/gems/activesupport-3.2.11/lib/active_support/dependencies.rb:190:in `const_missing'
	from /home/rms/.rbenv/versions/1.9.3-p327/lib/ruby/gems/1.9.1/gems/activesupport-3.2.11/lib/active_support/inflector/methods.rb:230:in `block in constantize'
	from /home/rms/.rbenv/versions/1.9.3-p327/lib/ruby/gems/1.9.1/gems/activesupport-3.2.11/lib/active_support/inflector/methods.rb:229:in `each'
	from /home/rms/.rbenv/versions/1.9.3-p327/lib/ruby/gems/1.9.1/gems/activesupport-3.2.11/lib/active_support/inflector/methods.rb:229:in `constantize'
	from /home/rms/.rbenv/versions/1.9.3-p327/lib/ruby/gems/1.9.1/gems/activesupport-3.2.11/lib/active_support/inflector/methods.rb:260:in `safe_constantize'
	from /home/rms/.rbenv/versions/1.9.3-p327/lib/ruby/gems/1.9.1/gems/activesupport-3.2.11/lib/active_support/core_ext/string/inflections.rb:66:in `safe_constantize'
	from /home/rms/.rbenv/versions/1.9.3-p327/lib/ruby/gems/1.9.1/gems/actionpack-3.2.11/lib/action_controller/metal/params_wrapper.rb:152:in `_default_wrap_model'
	from /home/rms/.rbenv/versions/1.9.3-p327/lib/ruby/gems/1.9.1/gems/actionpack-3.2.11/lib/action_controller/metal/params_wrapper.rb:169:in `_set_wrapper_defaults'
	from /home/rms/.rbenv/versions/1.9.3-p327/lib/ruby/gems/1.9.1/gems/actionpack-3.2.11/lib/action_controller/metal/params_wrapper.rb:133:in `inherited'
	from /home/rms/.rbenv/versions/1.9.3-p327/lib/ruby/gems/1.9.1/gems/actionpack-3.2.11/lib/abstract_controller/railties/routes_helpers.rb:7:in `block (2 levels) in with'
	from /home/rms/.rbenv/versions/1.9.3-p327/lib/ruby/gems/1.9.1/gems/actionpack-3.2.11/lib/action_controller/railties/paths.rb:7:in `block (2 levels) in with'
	from /home/rms/OLDHome/rms/Documents/rails_proj/sample_app/app/controllers/microposts_controller.rb:1:in `<top (required)>'
	from /home/rms/.rbenv/versions/1.9.3-p327/lib/ruby/gems/1.9.1/gems/activesupport-3.2.11/lib/active_support/dependencies.rb:251:in `require'
	from /home/rms/.rbenv/versions/1.9.3-p327/lib/ruby/gems/1.9.1/gems/activesupport-3.2.11/lib/active_support/dependencies.rb:251:in `block in require'
	from /home/rms/.rbenv/versions/1.9.3-p327/lib/ruby/gems/1.9.1/gems/activesupport-3.2.11/lib/active_support/dependencies.rb:236:in `load_dependency'
	from /home/rms/.rbenv/versions/1.9.3-p327/lib/ruby/gems/1.9.1/gems/activesupport-3.2.11/lib/active_support/dependencies.rb:251:in `require'
	from /home/rms/.rbenv/versions/1.9.3-p327/lib/ruby/gems/1.9.1/gems/activesupport-3.2.11/lib/active_support/dependencies.rb:359:in `require_or_load'
	from /home/rms/.rbenv/versions/1.9.3-p327/lib/ruby/gems/1.9.1/gems/activesupport-3.2.11/lib/active_support/dependencies.rb:313:in `depend_on'
	from /home/rms/.rbenv/versions/1.9.3-p327/lib/ruby/gems/1.9.1/gems/activesupport-3.2.11/lib/active_support/dependencies.rb:225:in `require_dependency'
	from /home/rms/.rbenv/versions/1.9.3-p327/lib/ruby/gems/1.9.1/gems/railties-3.2.11/lib/rails/engine.rb:439:in `block (2 levels) in eager_load!'
	from /home/rms/.rbenv/versions/1.9.3-p327/lib/ruby/gems/1.9.1/gems/railties-3.2.11/lib/rails/engine.rb:438:in `each'
	from /home/rms/.rbenv/versions/1.9.3-p327/lib/ruby/gems/1.9.1/gems/railties-3.2.11/lib/rails/engine.rb:438:in `block in eager_load!'
	from /home/rms/.rbenv/versions/1.9.3-p327/lib/ruby/gems/1.9.1/gems/railties-3.2.11/lib/rails/engine.rb:436:in `each'
	from /home/rms/.rbenv/versions/1.9.3-p327/lib/ruby/gems/1.9.1/gems/railties-3.2.11/lib/rails/engine.rb:436:in `eager_load!'
	from /home/rms/.rbenv/versions/1.9.3-p327/lib/ruby/gems/1.9.1/gems/railties-3.2.11/lib/rails/application/finisher.rb:53:in `block in <module:Finisher>'
	from /home/rms/.rbenv/versions/1.9.3-p327/lib/ruby/gems/1.9.1/gems/railties-3.2.11/lib/rails/initializable.rb:30:in `instance_exec'
	from /home/rms/.rbenv/versions/1.9.3-p327/lib/ruby/gems/1.9.1/gems/railties-3.2.11/lib/rails/initializable.rb:30:in `run'
	from /home/rms/.rbenv/versions/1.9.3-p327/lib/ruby/gems/1.9.1/gems/railties-3.2.11/lib/rails/initializable.rb:55:in `block in run_initializers'
	from /home/rms/.rbenv/versions/1.9.3-p327/lib/ruby/gems/1.9.1/gems/railties-3.2.11/lib/rails/initializable.rb:54:in `each'
	from /home/rms/.rbenv/versions/1.9.3-p327/lib/ruby/gems/1.9.1/gems/railties-3.2.11/lib/rails/initializable.rb:54:in `run_initializers'
	from /home/rms/.rbenv/versions/1.9.3-p327/lib/ruby/gems/1.9.1/gems/railties-3.2.11/lib/rails/application.rb:136:in `initialize!'
	from /home/rms/.rbenv/versions/1.9.3-p327/lib/ruby/gems/1.9.1/gems/railties-3.2.11/lib/rails/railtie/configurable.rb:30:in `method_missing'
	from /home/rms/OLDHome/rms/Documents/rails_proj/sample_app/config/environment.rb:5:in `<top (required)>'
	from /home/rms/OLDHome/rms/Documents/rails_proj/sample_app/spec/spec_helper.rb:3:in `require'
	from /home/rms/OLDHome/rms/Documents/rails_proj/sample_app/spec/spec_helper.rb:3:in `<top (required)>'
	from /home/rms/OLDHome/rms/Documents/rails_proj/sample_app/spec/models/user_spec.rb:12:in `require'
	from /home/rms/OLDHome/rms/Documents/rails_proj/sample_app/spec/models/user_spec.rb:12:in `<top (required)>'
	from /home/rms/.rbenv/versions/1.9.3-p327/lib/ruby/gems/1.9.1/gems/rspec-core-2.11.1/lib/rspec/core/configuration.rb:780:in `load'
	from /home/rms/.rbenv/versions/1.9.3-p327/lib/ruby/gems/1.9.1/gems/rspec-core-2.11.1/lib/rspec/core/configuration.rb:780:in `block in load_spec_files'
	from /home/rms/.rbenv/versions/1.9.3-p327/lib/ruby/gems/1.9.1/gems/rspec-core-2.11.1/lib/rspec/core/configuration.rb:780:in `map'
	from /home/rms/.rbenv/versions/1.9.3-p327/lib/ruby/gems/1.9.1/gems/rspec-core-2.11.1/lib/rspec/core/configuration.rb:780:in `load_spec_files'
	from /home/rms/.rbenv/versions/1.9.3-p327/lib/ruby/gems/1.9.1/gems/rspec-core-2.11.1/lib/rspec/core/command_line.rb:22:in `run'
	from /home/rms/.rbenv/versions/1.9.3-p327/lib/ruby/gems/1.9.1/gems/rspec-core-2.11.1/lib/rspec/core/runner.rb:69:in `run'
	from /home/rms/.rbenv/versions/1.9.3-p327/lib/ruby/gems/1.9.1/gems/rspec-core-2.11.1/lib/rspec/core/runner.rb:8:in `block in autorun'
